<?xml version="1.0" encoding="utf-8"?><testsuites name="pytest tests"><testsuite name="pytest" errors="0" failures="0" skipped="0" tests="21" time="2.928" timestamp="2026-05-26T06:42:30.212423+00:00" hostname="agent-env-166aa1ca-8623-493f-9f4e-64542be12544"><testcase classname="backend.tests.test_iteration4_streak.TestStreakEndpointShape" name="test_streak_returns_new_fields" time="0.184" /><testcase classname="backend.tests.test_iteration4_streak.TestStreakEndpointShape" name="test_streak_count_correct_for_seeded_couple" time="0.047" /><testcase classname="backend.tests.test_iteration4_streak.TestStreakEndpointShape" name="test_streak_no_couple_returns_defaults" time="0.091" /><testcase classname="backend.tests.test_iteration4_streak.TestStreakEndpointShape" name="test_streak_at_risk_false_when_both_sent_today" time="0.045" /><testcase classname="backend.tests.test_iteration4_streak.TestCelebrateMilestone" name="test_celebrate_marks_milestone_idempotent" time="0.097" /><testcase classname="backend.tests.test_iteration4_streak.TestCelebrateMilestone" name="test_celebrate_again_is_idempotent" time="0.047" /><testcase classname="backend.tests.test_iteration4_streak.TestCelebrateMilestone" name="test_celebrate_requires_couple" time="0.091" /><testcase classname="backend.tests.test_iteration4_streak.TestCelebrateMilestone" name="test_celebrate_fresh_couple_shows_milestone" time="0.735" /><testcase classname="backend.tests.test_iteration4_streak.TestSaveStreak" name="test_save_creates_partner_notification" time="0.136" /><testcase classname="backend.tests.test_iteration4_streak.TestSaveStreak" name="test_save_requires_couple" time="0.087" /><testcase classname="backend.tests.test_iteration4_streak.TestStreakIncrements" name="test_fresh_couple_streak_starts_at_zero" time="0.843" /><testcase classname="backend.tests.test_iteration4_streak.TestRegression" name="test_auth_me" time="0.043" /><testcase classname="backend.tests.test_iteration4_streak.TestRegression" name="test_partner_lookup" time="0.046" /><testcase classname="backend.tests.test_iteration4_streak.TestRegression" name="test_get_photos" time="0.044" /><testcase classname="backend.tests.test_iteration4_streak.TestRegression" name="test_get_notifications" time="0.045" /><testcase classname="backend.tests.test_iteration4_streak.TestRegression" name="test_unread_count" time="0.045" /><testcase classname="backend.tests.test_iteration4_streak.TestRegression" name="test_get_messages" time="0.053" /><testcase classname="backend.tests.test_iteration4_streak.TestRegression" name="test_get_settings" time="0.046" /><testcase classname="backend.tests.test_iteration4_streak.TestRegression" name="test_get_memories" time="0.047" /><testcase classname="backend.tests.test_iteration4_streak.TestRegression" name="test_vapid_public_key" time="0.043" /><testcase classname="backend.tests.test_iteration4_streak.TestRegression" name="test_root" time="0.043" /></testsuite></testsuites>