<?xml version="1.0" encoding="utf-8"?><testsuites name="pytest tests"><testsuite name="pytest" errors="0" failures="0" skipped="0" tests="15" time="1.357" timestamp="2026-05-26T06:28:22.081118+00:00" hostname="agent-env-166aa1ca-8623-493f-9f4e-64542be12544"><testcase classname="backend.tests.test_memory_link" name="test_root" time="0.136" /><testcase classname="backend.tests.test_memory_link" name="test_create_user" time="0.054" /><testcase classname="backend.tests.test_memory_link" name="test_get_me" time="0.151" /><testcase classname="backend.tests.test_memory_link" name="test_get_me_invalid" time="0.055" /><testcase classname="backend.tests.test_memory_link" name="test_generate_code" time="0.101" /><testcase classname="backend.tests.test_memory_link" name="test_join_invalid_code" time="0.057" /><testcase classname="backend.tests.test_memory_link" name="test_get_partner" time="0.162" /><testcase classname="backend.tests.test_memory_link" name="test_photo_upload" time="0.211" /><testcase classname="backend.tests.test_memory_link" name="test_photos_list" time="0.052" /><testcase classname="backend.tests.test_memory_link" name="test_photo_react" time="0.057" /><testcase classname="backend.tests.test_memory_link" name="test_notifications_list" time="0.049" /><testcase classname="backend.tests.test_memory_link" name="test_unread_count" time="0.051" /><testcase classname="backend.tests.test_memory_link" name="test_vapid_public_key" time="0.050" /><testcase classname="backend.tests.test_memory_link" name="test_create_reminder" time="0.049" /><testcase classname="backend.tests.test_memory_link" name="test_get_reminders" time="0.049" /></testsuite></testsuites>