<?xml version="1.0" encoding="utf-8"?><testsuites name="pytest tests"><testsuite name="pytest" errors="0" failures="0" skipped="0" tests="17" time="2.234" timestamp="2026-05-26T06:28:14.140196+00:00" hostname="agent-env-166aa1ca-8623-493f-9f4e-64542be12544"><testcase classname="backend.tests.test_new_features.TestSettings" name="test_get_default_settings" time="0.330" /><testcase classname="backend.tests.test_new_features.TestSettings" name="test_update_and_persist_settings" time="0.130" /><testcase classname="backend.tests.test_new_features.TestSettings" name="test_update_settings_upsert_second_user" time="0.087" /><testcase classname="backend.tests.test_new_features.TestComments" name="test_add_comment_by_partner" time="0.425" /><testcase classname="backend.tests.test_new_features.TestComments" name="test_comment_embedded_in_photo_list" time="0.087" /><testcase classname="backend.tests.test_new_features.TestComments" name="test_comment_creates_notification_for_uploader" time="0.046" /><testcase classname="backend.tests.test_new_features.TestComments" name="test_comment_invalid_photo" time="0.046" /><testcase classname="backend.tests.test_new_features.TestMessages" name="test_send_message" time="0.044" /><testcase classname="backend.tests.test_new_features.TestMessages" name="test_get_messages" time="0.048" /><testcase classname="backend.tests.test_new_features.TestMessages" name="test_unread_count_for_partner" time="0.046" /><testcase classname="backend.tests.test_new_features.TestMessages" name="test_mark_read" time="0.130" /><testcase classname="backend.tests.test_new_features.TestMessages" name="test_message_creates_notification" time="0.044" /><testcase classname="backend.tests.test_new_features.TestMessages" name="test_send_message_no_couple" time="0.132" /><testcase classname="backend.tests.test_new_features.TestStreak" name="test_streak_after_both_today" time="0.218" /><testcase classname="backend.tests.test_new_features.TestStreak" name="test_streak_no_couple" time="0.150" /><testcase classname="backend.tests.test_new_features.TestMemories" name="test_memories_empty_for_new_couple" time="0.045" /><testcase classname="backend.tests.test_new_features.TestMemories" name="test_memories_no_couple" time="0.088" /></testsuite></testsuites>