<?xml version="1.0" encoding="utf-8"?><testsuites name="pytest tests"><testsuite name="pytest" errors="0" failures="0" skipped="0" tests="15" time="1.311" timestamp="2026-05-26T06:13:24.595919+00:00" hostname="agent-env-166aa1ca-8623-493f-9f4e-64542be12544"><testcase classname="backend.tests.test_memory_link" name="test_root" time="0.193" /><testcase classname="backend.tests.test_memory_link" name="test_create_user" time="0.045" /><testcase classname="backend.tests.test_memory_link" name="test_get_me" time="0.132" /><testcase classname="backend.tests.test_memory_link" name="test_get_me_invalid" time="0.042" /><testcase classname="backend.tests.test_memory_link" name="test_generate_code" time="0.086" /><testcase classname="backend.tests.test_memory_link" name="test_join_invalid_code" time="0.045" /><testcase classname="backend.tests.test_memory_link" name="test_get_partner" time="0.134" /><testcase classname="backend.tests.test_memory_link" name="test_photo_upload" time="0.252" /><testcase classname="backend.tests.test_memory_link" name="test_photos_list" time="0.045" /><testcase classname="backend.tests.test_memory_link" name="test_photo_react" time="0.049" /><testcase classname="backend.tests.test_memory_link" name="test_notifications_list" time="0.044" /><testcase classname="backend.tests.test_memory_link" name="test_unread_count" time="0.043" /><testcase classname="backend.tests.test_memory_link" name="test_vapid_public_key" time="0.044" /><testcase classname="backend.tests.test_memory_link" name="test_create_reminder" time="0.044" /><testcase classname="backend.tests.test_memory_link" name="test_get_reminders" time="0.045" /></testsuite></testsuites>